<?xml version="1.0" encoding="UTF-8" ?>
<testsuite failures="0" time="40.407" errors="2" skipped="0" tests="2" name="org.event_manager.api.EventUtilsTest">
  <properties>
[...]
</properties>
  <testcase time="20.203" classname="org.event_manager.api.EventUtilsTest" name="twitterEventTest">
    <error message="Timed out while waiting to connect after 10000 ms" type="com.mongodb.MongoTimeoutException">com.mongodb.MongoTimeoutException: Timed out while waiting to connect after 10000 ms
	at com.mongodb.BaseCluster.getDescription(BaseCluster.java:131)
	at com.mongodb.DBTCPConnector.getClusterDescription(DBTCPConnector.java:396)
	at com.mongodb.DBTCPConnector.getType(DBTCPConnector.java:569)
	at com.mongodb.DBTCPConnector.getReplicaSetStatus(DBTCPConnector.java:364)
	at com.mongodb.Mongo.getReplicaSetStatus(Mongo.java:465)
	at com.mongodb.DB.getCommandReadPreference(DB.java:86)
	at com.mongodb.DB.command(DB.java:314)
	at com.mongodb.DB.command(DB.java:296)
	at com.mongodb.DB.command(DB.java:371)
	at com.mongodb.DB.command(DB.java:243)
	at com.mongodb.DBCollection.drop(DBCollection.java:1014)
	at com.mongodb.DBCollectionImpl.drop(DBCollectionImpl.java:285)
	at org.event_manager.api.MongoUtils.deleteCollection(MongoUtils.java:42)
	at org.event_manager.api.EventUtilsTest.before(EventUtilsTest.java:22)
	at sun.reflect.NativeMethodAccessorImpl.invoke0(Native Method)
	at sun.reflect.NativeMethodAccessorImpl.invoke(NativeMethodAccessorImpl.java:57)
	at sun.reflect.DelegatingMethodAccessorImpl.invoke(DelegatingMethodAccessorImpl.java:43)
	at java.lang.reflect.Method.invoke(Method.java:606)
	at org.junit.runners.model.FrameworkMethod$1.runReflectiveCall(FrameworkMethod.java:44)
	at org.junit.internal.runners.model.ReflectiveCallable.run(ReflectiveCallable.java:15)
	at org.junit.runners.model.FrameworkMethod.invokeExplosively(FrameworkMethod.java:41)
	at org.junit.internal.runners.statements.RunBefores.evaluate(RunBefores.java:27)
	at org.junit.internal.runners.statements.RunAfters.evaluate(RunAfters.java:31)
	at org.junit.runners.BlockJUnit4ClassRunner.runChild(BlockJUnit4ClassRunner.java:76)
	at org.junit.runners.BlockJUnit4ClassRunner.runChild(BlockJUnit4ClassRunner.java:50)
	at org.junit.runners.ParentRunner$3.run(ParentRunner.java:193)
	at org.junit.runners.ParentRunner$1.schedule(ParentRunner.java:52)
	at org.junit.runners.ParentRunner.runChildren(ParentRunner.java:191)
	at org.junit.runners.ParentRunner.access$000(ParentRunner.java:42)
	at org.junit.runners.ParentRunner$2.evaluate(ParentRunner.java:184)
	at org.junit.runners.ParentRunner.run(ParentRunner.java:236)
	at org.apache.maven.surefire.junit4.JUnit4Provider.execute(JUnit4Provider.java:252)
	at org.apache.maven.surefire.junit4.JUnit4Provider.executeTestSet(JUnit4Provider.java:141)
	at org.apache.maven.surefire.junit4.JUnit4Provider.invoke(JUnit4Provider.java:112)
	at sun.reflect.NativeMethodAccessorImpl.invoke0(Native Method)
	at sun.reflect.NativeMethodAccessorImpl.invoke(NativeMethodAccessorImpl.java:57)
	at sun.reflect.DelegatingMethodAccessorImpl.invoke(DelegatingMethodAccessorImpl.java:43)
	at java.lang.reflect.Method.invoke(Method.java:606)
	at org.apache.maven.surefire.util.ReflectionUtils.invokeMethodWithArray(ReflectionUtils.java:189)
	at org.apache.maven.surefire.booter.ProviderFactory$ProviderProxy.invoke(ProviderFactory.java:165)
	at org.apache.maven.surefire.booter.ProviderFactory.invokeProvider(ProviderFactory.java:85)
	at org.apache.maven.surefire.booter.ForkedBooter.runSuitesInProcess(ForkedBooter.java:115)
	at org.apache.maven.surefire.booter.ForkedBooter.main(ForkedBooter.java:75)
</error>
  </testcase>
  <testcase time="20.204" classname="org.event_manager.api.EventUtilsTest" name="twitterEventTest">
    <error message="Timed out while waiting to connect after 10000 ms" type="com.mongodb.MongoTimeoutException">com.mongodb.MongoTimeoutException: Timed out while waiting to connect after 10000 ms
	at com.mongodb.BaseCluster.getDescription(BaseCluster.java:131)
	at com.mongodb.DBTCPConnector.getClusterDescription(DBTCPConnector.java:396)
	at com.mongodb.DBTCPConnector.getType(DBTCPConnector.java:569)
	at com.mongodb.DBTCPConnector.getReplicaSetStatus(DBTCPConnector.java:364)
	at com.mongodb.Mongo.getReplicaSetStatus(Mongo.java:465)
	at com.mongodb.DB.getCommandReadPreference(DB.java:86)
	at com.mongodb.DB.command(DB.java:314)
	at com.mongodb.DB.command(DB.java:296)
	at com.mongodb.DB.command(DB.java:371)
	at com.mongodb.DB.command(DB.java:243)
	at com.mongodb.DBCollection.drop(DBCollection.java:1014)
	at com.mongodb.DBCollectionImpl.drop(DBCollectionImpl.java:285)
	at org.event_manager.api.MongoUtils.deleteCollection(MongoUtils.java:42)
	at org.event_manager.api.EventUtilsTest.after(EventUtilsTest.java:32)
	at sun.reflect.NativeMethodAccessorImpl.invoke0(Native Method)
	at sun.reflect.NativeMethodAccessorImpl.invoke(NativeMethodAccessorImpl.java:57)
	at sun.reflect.DelegatingMethodAccessorImpl.invoke(DelegatingMethodAccessorImpl.java:43)
	at java.lang.reflect.Method.invoke(Method.java:606)
	at org.junit.runners.model.FrameworkMethod$1.runReflectiveCall(FrameworkMethod.java:44)
	at org.junit.internal.runners.model.ReflectiveCallable.run(ReflectiveCallable.java:15)
	at org.junit.runners.model.FrameworkMethod.invokeExplosively(FrameworkMethod.java:41)
	at org.junit.internal.runners.statements.RunAfters.evaluate(RunAfters.java:37)
	at org.junit.runners.BlockJUnit4ClassRunner.runChild(BlockJUnit4ClassRunner.java:76)
	at org.junit.runners.BlockJUnit4ClassRunner.runChild(BlockJUnit4ClassRunner.java:50)
	at org.junit.runners.ParentRunner$3.run(ParentRunner.java:193)
	at org.junit.runners.ParentRunner$1.schedule(ParentRunner.java:52)
	at org.junit.runners.ParentRunner.runChildren(ParentRunner.java:191)
	at org.junit.runners.ParentRunner.access$000(ParentRunner.java:42)
	at org.junit.runners.ParentRunner$2.evaluate(ParentRunner.java:184)
	at org.junit.runners.ParentRunner.run(ParentRunner.java:236)
	at org.apache.maven.surefire.junit4.JUnit4Provider.execute(JUnit4Provider.java:252)
	at org.apache.maven.surefire.junit4.JUnit4Provider.executeTestSet(JUnit4Provider.java:141)
	at org.apache.maven.surefire.junit4.JUnit4Provider.invoke(JUnit4Provider.java:112)
	at sun.reflect.NativeMethodAccessorImpl.invoke0(Native Method)
	at sun.reflect.NativeMethodAccessorImpl.invoke(NativeMethodAccessorImpl.java:57)
	at sun.reflect.DelegatingMethodAccessorImpl.invoke(DelegatingMethodAccessorImpl.java:43)
	at java.lang.reflect.Method.invoke(Method.java:606)
	at org.apache.maven.surefire.util.ReflectionUtils.invokeMethodWithArray(ReflectionUtils.java:189)
	at org.apache.maven.surefire.booter.ProviderFactory$ProviderProxy.invoke(ProviderFactory.java:165)
	at org.apache.maven.surefire.booter.ProviderFactory.invokeProvider(ProviderFactory.java:85)
	at org.apache.maven.surefire.booter.ForkedBooter.runSuitesInProcess(ForkedBooter.java:115)
	at org.apache.maven.surefire.booter.ForkedBooter.main(ForkedBooter.java:75)
</error>
  </testcase>
</testsuite>